build/app/outputs/mapping/release/seeds.txt
com.aay.groc.MainActivity
com.aay.groc.MainActivity: MainActivity()
...
com.google.firebase.auth.ActionCodeSettings: int zzi
com.razorpay.R$drawable: int notification_template_icon_low_bg
io.grpc.internal.DelayedClientTransport$5: io.grpc.internal.ClientTransport val$transport
io.grpc.internal.KeepAliveManager$1: io.grpc.internal.KeepAliveManager this$0
com.google.firebase.firestore.proto.Target: int LAST_LISTEN_SEQUENCE_NUMBER_FIELD_NUMBER
com.google.android.datatransport.runtime.backends.MetadataBackendRegistry$BackendFactoryProvider: android.content.Context applicationContext
com.google.android.datatransport.runtime.scheduling.persistence.SQLiteEventStore$$Lambda$12: com.google.android.datatransport.runtime.scheduling.persistence.SQLiteEventStore$$Lambda$12 instance
io.flutter.plugin.editing.FlutterTextUtils: io.flutter.embedding.engine.FlutterJNI flutterJNI
io.flutter.embedding.engine.systemchannels.PlatformViewsChannel$PlatformViewTouch: java.lang.Number eventTime
com.google.android.gms.internal.firebase-auth-api.zzabg: com.google.android.gms.internal.firebase-auth-api.zzabd zzg
com.google.android.gms.common.api.internal.GoogleApiManager: com.google.android.gms.common.api.internal.GoogleApiManager zaig
com.google.firebase.firestore.core.FirestoreClient: com.google.firebase.firestore.auth.CredentialsProvider credentialsProvider
com.google.firebase.storage.StreamDownloadTask: java.lang.Exception exception
com.google.android.gms.internal.measurement.zzgj: int zzc
com.google.protobuf.WireFormat$FieldType: com.google.protobuf.WireFormat$FieldType[] $VALUES
com.google.firebase.installations.remote.AutoValue_InstallationResponse: com.google.firebase.installations.remote.InstallationResponse$ResponseCode responseCode
io.grpc.okhttp.internal.CipherSuite: io.grpc.okhttp.internal.CipherSuite TLS_ECDH_RSA_WITH_AES_256_CBC_SHA
com.google.firebase.analytics.connector.internal.zzc: java.util.List zzd
com.google.common.io.ByteStreams: java.io.OutputStream NULL_OUTPUT_STREAM
com.google.android.gms.measurement.internal.zzbc: com.google.android.gms.measurement.internal.zzdx zza
androidx.fragment.app.Fragment: java.lang.Boolean mSavedUserVisibleHint
io.flutter.embedding.engine.FlutterJNI: io.flutter.embedding.engine.deferredcomponents.DeferredComponentManager deferredComponentManager
com.google.android.datatransport.runtime.scheduling.persistence.AutoValue_EventStoreConfig: long maxStorageSizeInBytes
io.flutter.embedding.android.FlutterView$1: io.flutter.embedding.android.FlutterView this$0
com.google.firestore.v1.DocumentTransform: com.google.protobuf.Internal$ProtobufList fieldTransforms_
com.google.android.gms.measurement.internal.zzey: boolean zzd
com.google.android.gms.internal.firebase-auth-api.zzpp: com.google.android.gms.internal.firebase-auth-api.zztq zza
io.grpc.internal.OobChannel: java.util.concurrent.CountDownLatch terminatedLatch
com.google.firebase.firestore.core.FirestoreClient$$Lambda$1: com.google.firebase.firestore.core.FirestoreClient arg$1
io.grpc.internal.ManagedChannelImpl$ChannelTransportProvider: io.grpc.internal.ManagedChannelImpl this$0
com.google.firebase.storage.UploadTask: android.net.Uri mUri
androidx.exifinterface.media.ExifInterface: byte[] PNG_CHUNK_TYPE_IEND
com.google.firebase.messaging.RemoteMessage$Notification: java.lang.String[] titleLocArgs
com.razorpay.CheckoutBridge: com.razorpay.CheckoutInteractor interactor
com.google.android.gms.tasks.zzc: java.util.concurrent.Executor zzd
com.google.protobuf.StructuralMessageInfo: com.google.protobuf.MessageLite defaultInstance
androidx.exifinterface.media.ExifInterface: androidx.exifinterface.media.ExifInterface$ExifTag[] IFD_GPS_TAGS
com.razorpay.AnalyticsEvent: com.razorpay.AnalyticsEvent PRELOAD_START
com.google.android.gms.common.api.GoogleApi$Settings$Builder: android.os.Looper zabl
com.google.android.gms.measurement.internal.zzki: boolean zzn
com.google.firebase.firestore.FirestoreMultiDbComponent: java.util.Map instances
com.google.android.gms.measurement.internal.zzb: long zzb