build/app/outputs/mapping/release/mapping.txt
# compiler: R8
# compiler_version: 2.2.66
# min_api: 21
# pg_map_id: 8f675aa
# common_typos_disable
...
com.google.android.gms.internal.firebase-auth-api.zzfg -> b.a.a.b.g.h.g7:
    com.google.android.gms.internal.firebase-auth-api.zzfg zzc() -> A
    com.google.android.gms.internal.firebase-auth-api.zzfg zzd() -> B
    void zze(com.google.android.gms.internal.firebase-auth-api.zzfg,int) -> C
    java.lang.Object zzj(int,java.lang.Object,java.lang.Object) -> n
    int zza() -> y
    com.google.android.gms.internal.firebase-auth-api.zzff zzb() -> z
com.google.android.gms.internal.firebase-auth-api.zzfh -> b.a.a.b.g.h.h7:
com.google.android.gms.internal.firebase-auth-api.zzfi -> b.a.a.b.g.h.i7:
    com.google.android.gms.internal.firebase-auth-api.zzfi zza(int) -> j
    com.google.android.gms.internal.firebase-auth-api.zzfi zzb(com.google.android.gms.internal.firebase-auth-api.zzfp) -> l
    com.google.android.gms.internal.firebase-auth-api.zzfi zzc(com.google.android.gms.internal.firebase-auth-api.zzyy) -> m
com.google.android.gms.internal.firebase-auth-api.zzfj -> b.a.a.b.g.h.j7:
    com.google.android.gms.internal.firebase-auth-api.zzyy zzc() -> A
    com.google.android.gms.internal.firebase-auth-api.zzfj zzd(com.google.android.gms.internal.firebase-auth-api.zzyy,com.google.android.gms.internal.firebase-auth-api.zzzn) -> B
    com.google.android.gms.internal.firebase-auth-api.zzfi zze() -> C
    com.google.android.gms.internal.firebase-auth-api.zzfj zzf() -> E
    void zzg(com.google.android.gms.internal.firebase-auth-api.zzfj,int) -> F
    void zzh(com.google.android.gms.internal.firebase-auth-api.zzfj,com.google.android.gms.internal.firebase-auth-api.zzfp) -> G
    void zzi(com.google.android.gms.internal.firebase-auth-api.zzfj,com.google.android.gms.internal.firebase-auth-api.zzyy) -> H
    java.lang.Object zzj(int,java.lang.Object,java.lang.Object) -> n
    int zza() -> y
    com.google.android.gms.internal.firebase-auth-api.zzfp zzb() -> z
com.google.android.gms.internal.firebase-auth-api.zzfk -> b.a.a.b.g.h.k7:
com.google.android.gms.internal.firebase-auth-api.zzfl -> b.a.a.b.g.h.l7:
    com.google.android.gms.internal.firebase-auth-api.zzfl zza(com.google.android.gms.internal.firebase-auth-api.zzfp) -> j
    com.google.android.gms.internal.firebase-auth-api.zzfl zzb(int) -> l
com.google.android.gms.internal.firebase-auth-api.zzfm -> b.a.a.b.g.h.m7:
    com.google.android.gms.internal.firebase-auth-api.zzfm zzc(com.google.android.gms.internal.firebase-auth-api.zzyy,com.google.android.gms.internal.firebase-auth-api.zzzn) -> A
    com.google.android.gms.internal.firebase-auth-api.zzfl zzd() -> B
    com.google.android.gms.internal.firebase-auth-api.zzfm zze() -> C
    void zzf(com.google.android.gms.internal.firebase-auth-api.zzfm,com.google.android.gms.internal.firebase-auth-api.zzfp) -> E
    void zzg(com.google.android.gms.internal.firebase-auth-api.zzfm,int) -> F
    java.lang.Object zzj(int,java.lang.Object,java.lang.Object) -> n
    com.google.android.gms.internal.firebase-auth-api.zzfp zza() -> y
    int zzb() -> z
com.google.android.gms.internal.firebase-auth-api.zzfn -> b.a.a.b.g.h.n7:
com.google.android.gms.internal.firebase-auth-api.zzfo -> b.a.a.b.g.h.o7:
    com.google.android.gms.internal.firebase-auth-api.zzfo zza(int) -> j
com.google.android.gms.internal.firebase-auth-api.zzfp -> b.a.a.b.g.h.p7:
    com.google.android.gms.internal.firebase-auth-api.zzfp zzc() -> A
    com.google.android.gms.internal.firebase-auth-api.zzfp zzd() -> B
    void zze(com.google.android.gms.internal.firebase-auth-api.zzfp,int) -> C
    java.lang.Object zzj(int,java.lang.Object,java.lang.Object) -> n
    int zza() -> y
    com.google.android.gms.internal.firebase-auth-api.zzfo zzb() -> z
com.google.android.gms.internal.firebase-auth-api.zzfq -> b.a.a.b.g.h.q7:
com.google.android.gms.internal.firebase-auth-api.zzfr -> b.a.a.b.g.h.r7:
    com.google.android.gms.internal.firebase-auth-api.zzfr zza(int) -> j
    com.google.android.gms.internal.firebase-auth-api.zzfr zzb(com.google.android.gms.internal.firebase-auth-api.zzyy) -> l